c:\users\administrator\workspacecdt\bobsgame\debugvs\vc140.pdb
c:\users\administrator\workspacecdt\bobsgame\debugvs\vc140.idb
c:\users\administrator\workspacecdt\bobsgame\debugvs\mansion.obj
c:\users\administrator\workspacecdt\bobsgame\debugvs\movietheater.obj
c:\users\administrator\workspacecdt\bobsgame\debugvs\petstore.obj
c:\users\administrator\workspacecdt\bobsgame\debugvs\pizzaplace.obj
c:\users\administrator\workspacecdt\bobsgame\debugvs\playground.obj
c:\users\administrator\workspacecdt\bobsgame\debugvs\recordstore.obj
c:\users\administrator\workspacecdt\bobsgame\debugvs\school.obj
c:\users\administrator\workspacecdt\bobsgame\debugvs\tacoburger.obj
c:\users\administrator\workspacecdt\bobsgame\debugvs\toolshed.obj
c:\users\administrator\workspacecdt\bobsgame\debugvs\town.obj
c:\users\administrator\workspacecdt\bobsgame\debugvs\videostore.obj
c:\users\administrator\workspacecdt\bobsgame\debugvs\yuushouse.obj
c:\users\administrator\workspacecdt\bobsgame\debugvs\main.obj
c:\users\administrator\workspacecdt\bobsgame\debugvs\microgame.obj
c:\users\administrator\workspacecdt\bobsgame\debugvs\ping.obj
c:\users\administrator\workspacecdt\bobsgame\debugvs\platformexplore.obj
c:\users\administrator\workspacecdt\bobsgame\debugvs\platformjump.obj
c:\users\administrator\workspacecdt\bobsgame\debugvs\ramio.obj
c:\users\administrator\workspacecdt\bobsgame\debugvs\shootergame.obj
c:\users\administrator\workspacecdt\bobsgame\debugvs\tetrid.obj
c:\users\administrator\workspacecdt\bobsgame\debugvs\minigame.obj
c:\users\administrator\workspacecdt\bobsgame\debugvs\demoend.obj
c:\users\administrator\workspacecdt\bobsgame\debugvs\license.obj
c:\users\administrator\workspacecdt\bobsgame\debugvs\titlescreen.obj
c:\users\administrator\workspacecdt\bobsgame\debugvs\warning.obj
c:\users\administrator\workspacecdt\bobsgame\debugvs\arcade.obj
c:\users\administrator\workspacecdt\bobsgame\debugvs\beautysalon.obj
c:\users\administrator\workspacecdt\bobsgame\debugvs\bookstore.obj
c:\users\administrator\workspacecdt\bobsgame\debugvs\church.obj
c:\users\administrator\workspacecdt\bobsgame\debugvs\clubhouse.obj
c:\users\administrator\workspacecdt\bobsgame\debugvs\coffeeshop.obj
c:\users\administrator\workspacecdt\bobsgame\debugvs\crazyladyhouse.obj
c:\users\administrator\workspacecdt\bobsgame\debugvs\departmentstore.obj
c:\users\administrator\workspacecdt\bobsgame\debugvs\doctorsoffice.obj
c:\users\administrator\workspacecdt\bobsgame\debugvs\electronicsstore.obj
c:\users\administrator\workspacecdt\bobsgame\debugvs\friendshouse.obj
c:\users\administrator\workspacecdt\bobsgame\debugvs\gamestore.obj
c:\users\administrator\workspacecdt\bobsgame\debugvs\gasstation.obj
c:\users\administrator\workspacecdt\bobsgame\debugvs\generichouses.obj
c:\users\administrator\workspacecdt\bobsgame\debugvs\grocerystore.obj
c:\users\administrator\workspacecdt\bobsgame\debugvs\firestation.obj
c:\users\administrator\workspacecdt\bobsgame\debugvs\groovyclub.obj
c:\users\administrator\workspacecdt\bobsgame\debugvs\hospital.obj
c:\users\administrator\workspacecdt\bobsgame\debugvs\hotel.obj
c:\users\administrator\workspacecdt\bobsgame\debugvs\hourlymotel.obj
c:\users\administrator\workspacecdt\bobsgame\debugvs\laundromat.obj
c:\users\administrator\workspacecdt\bobsgame\debugvs\museum.obj
c:\users\administrator\workspacecdt\bobsgame\debugvs\office.obj
c:\users\administrator\workspacecdt\bobsgame\debugvs\partystore.obj
c:\users\administrator\workspacecdt\bobsgame\debugvs\pawnshop.obj
c:\users\administrator\workspacecdt\bobsgame\debugvs\policestation.obj
c:\users\administrator\workspacecdt\bobsgame\debugvs\poolhall.obj
c:\users\administrator\workspacecdt\bobsgame\debugvs\restaurant.obj
c:\users\administrator\workspacecdt\bobsgame\debugvs\stadium.obj
c:\users\administrator\workspacecdt\bobsgame\debugvs\thecafe.obj
c:\users\administrator\workspacecdt\bobsgame\debugvs\introtown.obj
c:\users\administrator\workspacecdt\bobsgame\debugvs\introyuushouse.obj
c:\users\administrator\workspacecdt\bobsgame\debugvs\castroom.obj
c:\users\administrator\workspacecdt\bobsgame\debugvs\japanhouse.obj
c:\users\administrator\workspacecdt\bobsgame\debugvs\meetingroom.obj
c:\users\administrator\workspacecdt\bobsgame\debugvs\txtanswer.obj
c:\users\administrator\workspacecdt\bobsgame\debugvs\txtkeyboard.obj
c:\users\administrator\workspacecdt\bobsgame\debugvs\controls.obj
c:\users\administrator\workspacecdt\bobsgame\debugvs\debug.obj
c:\users\administrator\workspacecdt\bobsgame\debugvs\error.obj
c:\users\administrator\workspacecdt\bobsgame\debugvs\globals.obj
c:\users\administrator\workspacecdt\bobsgame\debugvs\misc.obj
c:\users\administrator\workspacecdt\bobsgame\debugvs\render.obj
c:\users\administrator\workspacecdt\bobsgame\debugvs\sound.obj
c:\users\administrator\workspacecdt\bobsgame\debugvs\sprites.obj
c:\users\administrator\workspacecdt\bobsgame\debugvs\tilemaps.obj
c:\users\administrator\workspacecdt\bobsgame\debugvs\changemap.obj
c:\users\administrator\workspacecdt\bobsgame\debugvs\apartment.obj
c:\users\administrator\workspacecdt\bobsgame\debugvs\bank.obj
c:\users\administrator\workspacecdt\bobsgame\debugvs\casino.obj
c:\users\administrator\workspacecdt\bobsgame\debugvs\city.obj
c:\users\administrator\workspacecdt\bobsgame\debugvs\cityhall.obj
c:\users\administrator\workspacecdt\bobsgame\debugvs\deli.obj
c:\users\administrator\workspacecdt\bobsgame\debugvs\elevatedlifeplace.obj
c:\users\administrator\workspacecdt\bobsgame\debugvs\fashionstore.obj
c:\users\administrator\workspacecdt\bobsgame\debugvs\game.obj
c:\users\administrator\workspacecdt\bobsgame\debugvs\action.obj
c:\users\administrator\workspacecdt\bobsgame\debugvs\caption.obj
c:\users\administrator\workspacecdt\bobsgame\debugvs\clock.obj
c:\users\administrator\workspacecdt\bobsgame\debugvs\item.obj
c:\users\administrator\workspacecdt\bobsgame\debugvs\letterbox.obj
c:\users\administrator\workspacecdt\bobsgame\debugvs\map.obj
c:\users\administrator\workspacecdt\bobsgame\debugvs\music.obj
c:\users\administrator\workspacecdt\bobsgame\debugvs\npc.obj
c:\users\administrator\workspacecdt\bobsgame\debugvs\npccar.obj
c:\users\administrator\workspacecdt\bobsgame\debugvs\npcfuncs.obj
c:\users\administrator\workspacecdt\bobsgame\debugvs\npcrand.obj
c:\users\administrator\workspacecdt\bobsgame\debugvs\player.obj
c:\users\administrator\workspacecdt\bobsgame\debugvs\save.obj
c:\users\administrator\workspacecdt\bobsgame\debugvs\start.obj
c:\users\administrator\workspacecdt\bobsgame\debugvs\txt.obj
c:\users\administrator\workspacecdt\bobsgame\debugvs\bobsgame.res
c:\users\administrator\workspacecdt\bobsgame\debugvs\bobsgame.pdb
c:\users\administrator\workspacecdt\bobsgame\debugvs\bobsgame.tlog\cl.command.1.tlog
c:\users\administrator\workspacecdt\bobsgame\debugvs\bobsgame.tlog\cl.read.1.tlog
c:\users\administrator\workspacecdt\bobsgame\debugvs\bobsgame.tlog\cl.write.1.tlog
c:\users\administrator\workspacecdt\bobsgame\debugvs\bobsgame.tlog\link-cvtres.read.1.tlog
c:\users\administrator\workspacecdt\bobsgame\debugvs\bobsgame.tlog\link-cvtres.write.1.tlog
c:\users\administrator\workspacecdt\bobsgame\debugvs\bobsgame.tlog\link-rc.read.1.tlog
c:\users\administrator\workspacecdt\bobsgame\debugvs\bobsgame.tlog\link-rc.write.1.tlog
c:\users\administrator\workspacecdt\bobsgame\debugvs\bobsgame.tlog\link.command.1.tlog
c:\users\administrator\workspacecdt\bobsgame\debugvs\bobsgame.tlog\link.read.1.tlog
c:\users\administrator\workspacecdt\bobsgame\debugvs\bobsgame.tlog\link.write.1.tlog
c:\users\administrator\workspacecdt\bobsgame\debugvs\bobsgame.tlog\rc.command.1.tlog
c:\users\administrator\workspacecdt\bobsgame\debugvs\bobsgame.tlog\rc.read.1.tlog
c:\users\administrator\workspacecdt\bobsgame\debugvs\bobsgame.tlog\rc.write.1.tlog
